<?xml version="1.0" encoding="UTF-8"?>
<testsuite xmlns:xsi="http://www.w3.org/2001/XMLSchema-instance" xsi:noNamespaceSchemaLocation="https://maven.apache.org/surefire/maven-surefire-plugin/xsd/surefire-test-report-3.0.xsd" version="3.0" name="Tests" time="1.026" tests="6" errors="0" skipped="0" failures="0">
  <properties>
[...]
</properties>
  <testcase name="testGetFechaInspeccionFormateada" classname="Tests" time="0.783">
    <system-out><![CDATA[[EL Info]: 2024-02-23 12:01:29.161--ServerSession(782689036)--EclipseLink, version: Eclipse Persistence Services - 4.0.2.v202306161219
]]></system-out>
  </testcase>
  <testcase name="testInspectorPersistencia" classname="Tests" time="0.111">
    <system-out><![CDATA[[EL Info]: 2024-02-23 12:01:29.559--ServerSession(1736293769)--EclipseLink, version: Eclipse Persistence Services - 4.0.2.v202306161219
]]></system-out>
  </testcase>
  <testcase name="testAutoPersistencia" classname="Tests" time="0.033"/>
  <testcase name="testEsTextoNoVacio" classname="Tests" time="0.023"/>
  <testcase name="testInspeccion" classname="Tests" time="0.025"/>
  <testcase name="testEsNumero" classname="Tests" time="0.022"/>
</testsuite>